Author: saddamtitanio <saddam.titanio25@gmail.com>
Date: Sat Dec 7 15:12:12 2024 +0700
Contribution: Initial codebase

Author: saddamtitanio <saddam.titanio25@gmail.com>
Date: Sat Dec 7 15:21:44 2024 +0700
Contribution: Added option to clear current result and set up the boilerplate to compartmentalize the operation performed

Author: saddamtitanio <saddam.titanio25@gmail.com>
Date:   Sat Dec 7 15:38:41 2024 +0700
Contribution: created the add() function and used function prototypes, changed the data type of the operands to float

Author: Naufalrafiff <naufalrafif0909@gmail.com>
Date:   Sat Dec 7 17:41:06 2024 +0700
Contribution: Fix Operation Chaining

Author: Naufalrafiff <naufalrafif0909@gmail.com>
Date:   Sat Dec 7 17:44:13 2024 +0700
Contribution: Create Subtract Function

Author: Naufalrafiff <naufalrafif0909@gmail.com>
Date:   Sat Dec 7 17:45:22 2024 +0700
Contribution: Create Multiply Function

Author: faelyono <rafaelraditya99@gmail.com>
Date:   Sat Dec 7 18:03:16 2024 +0700
Contribution: Added Division Function

Author: faelyono <rafaelraditya99@gmail.com>
Date:   Sat Dec 7 18:07:54 2024 +0700
Contribution: Added Exponential Function

Author: faelyono <rafaelraditya99@gmail.com>
Date:   Sat Dec 7 18:12:09 2024 +0700
Contribution: Added Incase of Zero Error for Division

Author: fahrezaarsyam <fahreza.arsya.m@gmail.com>
Date:   Sat Dec 7 18:39:17 2024 +0700
Contribution: Separated File Functions

Author: fahrezaarsyam <fahreza.arsya.m@gmail.com>
Date:   Sat Dec 7 18:32:17 2024 +0700
Contribution: Added Validate Operands

Author: fahrezaarsyam <fahreza.arsya.m@gmail.com>
Date:   Sat Dec 7 18:25:05 2024 +0700
Contribution : Created Clear Fucntion
